<?xml version="1.0" encoding="UTF-8"?>
<Site BuildName="(empty)"
	BuildStamp="20240813-0130-Experimental"
	Name="oscar-A515-43"
	Generator="ctest-3.22.1"
	CompilerName="/usr/bin/c++"
	CompilerVersion="11.4.0"
	OSName="Linux"
	Hostname="oscar-A515-43"
	OSRelease="6.5.0-44-generic"
	OSVersion="#44~22.04.1-Ubuntu SMP PREEMPT_DYNAMIC Tue Jun 18 14:36:16 UTC 2"
	OSPlatform="x86_64"
	Is64Bits="1"
	VendorString="AuthenticAMD"
	VendorID="Advanced Micro Devices"
	FamilyID="23"
	ModelID="24"
	ProcessorCacheSize="512"
	NumberOfLogicalCPU="8"
	NumberOfPhysicalCPU="4"
	TotalVirtualMemory="2047"
	TotalPhysicalMemory="5852"
	LogicalProcessorsPerPhysical="2"
	ProcessorClockFrequency="2478.07"
	>
	<Testing>
		<StartDateTime>Aug 12 20:30 -05</StartDateTime>
		<StartTestTime>1723512658</StartTestTime>
		<TestList/>
		<EndDateTime>Aug 12 20:30 -05</EndDateTime>
		<EndTestTime>1723512658</EndTestTime>
		<ElapsedMinutes>0</ElapsedMinutes>
	</Testing>
</Site>
